{
  "RSpec": {
    "coverage": {
      "/home/oogway/Workspace/pairguru/app/controllers/comments_controller.rb": [
        1,
        1,
        1,
        1,
        1,
        0,
        0,
        0,
        null,
        0,
        0,
        null,
        0,
        null,
        null,
        null,
        null,
        1,
        null,
        null,
        null,
        1,
        0,
        0,
        null,
        0,
        null,
        null,
        null,
        null,
        1,
        0,
        0,
        null,
        null,
        1,
        null,
        1,
        0,
        null,
        null,
        1,
        0,
        null,
        null,
        1,
        0,
        0,
        0,
        null,
        null,
        null,
        null
      ],
      "/home/oogway/Workspace/pairguru/app/controllers/application_controller.rb": [
        1,
        null,
        null,
        1,
        1,
        null,
        1,
        null,
        1,
        0,
        0,
        0,
        null,
        null
      ],
      "/home/oogway/Workspace/pairguru/app/controllers/top_commenters_controller.rb": [
        1,
        1,
        0,
        null,
        null
      ],
      "/home/oogway/Workspace/pairguru/app/decorators/comment_decorator.rb": [
        1,
        1,
        null,
        null,
        null,
        null,
        null,
        null,
        null,
        null,
        null,
        null,
        null
      ],
      "/home/oogway/Workspace/pairguru/app/models/comment.rb": [
        1,
        1,
        1,
        1,
        null
      ],
      "/home/oogway/Workspace/pairguru/app/decorators/top_commenter_decorator.rb": [
        1,
        1,
        null,
        null,
        null,
        null,
        null,
        null,
        null,
        null,
        null,
        null,
        null
      ],
      "/home/oogway/Workspace/pairguru/app/helpers/top_commenters_helper.rb": [
        0,
        0
      ],
      "/home/oogway/Workspace/pairguru/app/helpers/comments_helper.rb": [
        0,
        0
      ],
      "/home/oogway/Workspace/pairguru/app/helpers/application_helper.rb": [
        0,
        0
      ],
      "/home/oogway/Workspace/pairguru/app/models/movie.rb": [
        0,
        0,
        0,
        0,
        0,
        0,
        0,
        0,
        0,
        0,
        0,
        0,
        0,
        0,
        0,
        0,
        0,
        0
      ],
      "/home/oogway/Workspace/pairguru/app/models/application_record.rb": [
        0,
        0,
        0
      ],
      "/home/oogway/Workspace/pairguru/app/models/user.rb": [
        0,
        0,
        0,
        0,
        0,
        0,
        0,
        0,
        0,
        0,
        0,
        0,
        0,
        0,
        0,
        0,
        0,
        0,
        0,
        0,
        0,
        0,
        0,
        0,
        0,
        0,
        0,
        0,
        0
      ],
      "/home/oogway/Workspace/pairguru/app/models/genre.rb": [
        0,
        0,
        0,
        0,
        0,
        0,
        0,
        0,
        0,
        0,
        0,
        0,
        0
      ],
      "/home/oogway/Workspace/pairguru/app/controllers/movies_controller.rb": [
        0,
        0,
        0,
        0,
        0,
        0,
        0,
        0,
        0,
        0,
        0,
        0,
        0,
        0,
        0,
        0,
        0,
        0,
        0,
        0,
        0,
        0,
        0,
        0,
        0,
        0,
        0
      ],
      "/home/oogway/Workspace/pairguru/app/controllers/home_controller.rb": [
        0,
        0,
        0
      ],
      "/home/oogway/Workspace/pairguru/app/controllers/genres_controller.rb": [
        0,
        0,
        0,
        0
      ],
      "/home/oogway/Workspace/pairguru/app/services/movie_exporter.rb": [
        0,
        0,
        0,
        0,
        0,
        0,
        0,
        0,
        0,
        0,
        0,
        0,
        0,
        0,
        0,
        0,
        0,
        0,
        0,
        0,
        0,
        0,
        0
      ],
      "/home/oogway/Workspace/pairguru/app/decorators/movie_decorator.rb": [
        0,
        0,
        0,
        0,
        0,
        0,
        0,
        0,
        0
      ],
      "/home/oogway/Workspace/pairguru/app/decorators/genre_decorator.rb": [
        0,
        0,
        0,
        0,
        0,
        0,
        0,
        0
      ],
      "/home/oogway/Workspace/pairguru/app/mailers/movie_info_mailer.rb": [
        0,
        0,
        0,
        0,
        0,
        0,
        0
      ],
      "/home/oogway/Workspace/pairguru/app/mailers/movie_export_mailer.rb": [
        0,
        0,
        0,
        0,
        0,
        0
      ],
      "/home/oogway/Workspace/pairguru/app/mailers/application_mailer.rb": [
        0,
        0,
        0,
        0
      ]
    },
    "timestamp": 1509916768
  }
}
